2025-04-16 00:09:37,796 - INFO - root - Handlers configured: ['_LiveLoggingNullHandler', '_FileHandler', 'RotatingFileHandler']
2025-04-16 00:09:37,796 - INFO - root - Logging level set to: DEBUG
2025-04-16 00:09:37,796 - DEBUG - root - ⚡ DEBUG mode enabled: Detailed logs will be displayed, including external dependencies.
2025-04-16 00:09:37,796 - DEBUG - root - ⚡ If the logs are too verbose, consider using logging.INFO or higher.
2025-04-16 00:09:58,642 - INFO - root - Handlers configured: ['_LiveLoggingNullHandler', '_FileHandler', 'RotatingFileHandler']
2025-04-16 00:09:58,642 - INFO - root - Logging level set to: DEBUG
2025-04-16 00:09:58,642 - DEBUG - root - ⚡ DEBUG mode enabled: Detailed logs will be displayed, including external dependencies.
2025-04-16 00:09:58,642 - DEBUG - root - ⚡ If the logs are too verbose, consider using logging.INFO or higher.
2025-04-18 10:07:06,194 - INFO - root - Handlers configured: ['_LiveLoggingNullHandler', '_FileHandler', 'RotatingFileHandler']
2025-04-18 10:07:06,195 - INFO - root - Logging level set to: DEBUG
2025-04-18 10:07:06,195 - DEBUG - root - ⚡ DEBUG mode enabled: Detailed logs will be displayed, including external dependencies.
2025-04-18 10:07:06,195 - DEBUG - root - ⚡ If the logs are too verbose, consider using logging.INFO or higher.
2025-04-18 10:30:27,477 - INFO - root - Handlers configured: ['_LiveLoggingNullHandler', '_FileHandler', 'RotatingFileHandler']
2025-04-18 10:30:27,477 - INFO - root - Logging level set to: DEBUG
2025-04-18 10:30:27,477 - DEBUG - root - ⚡ DEBUG mode enabled: Detailed logs will be displayed, including external dependencies.
2025-04-18 10:30:27,478 - DEBUG - root - ⚡ If the logs are too verbose, consider using logging.INFO or higher.
2025-04-18 10:38:07,847 - INFO - root - Handlers configured: ['_LiveLoggingNullHandler', '_FileHandler', 'RotatingFileHandler']
2025-04-18 10:38:07,847 - INFO - root - Logging level set to: DEBUG
2025-04-18 10:38:07,847 - DEBUG - root - ⚡ DEBUG mode enabled: Detailed logs will be displayed, including external dependencies.
2025-04-18 10:38:07,847 - DEBUG - root - ⚡ If the logs are too verbose, consider using logging.INFO or higher.
2025-04-21 01:23:39,252 - INFO - root - Handlers configured: ['_LiveLoggingNullHandler', '_FileHandler', 'RotatingFileHandler']
2025-04-21 01:23:39,253 - INFO - root - Logging level set to: DEBUG
2025-04-21 01:23:39,253 - DEBUG - root - ⚡ DEBUG mode enabled: Detailed logs will be displayed, including external dependencies.
2025-04-21 01:23:39,253 - DEBUG - root - ⚡ If the logs are too verbose, consider using logging.INFO or higher.
2025-04-21 01:23:50,616 - INFO - root - Handlers configured: ['_LiveLoggingNullHandler', '_FileHandler', 'RotatingFileHandler']
2025-04-21 01:23:50,616 - INFO - root - Logging level set to: DEBUG
2025-04-21 01:23:50,616 - DEBUG - root - ⚡ DEBUG mode enabled: Detailed logs will be displayed, including external dependencies.
2025-04-21 01:23:50,616 - DEBUG - root - ⚡ If the logs are too verbose, consider using logging.INFO or higher.
2025-04-21 01:24:13,204 - INFO - root - Handlers configured: ['_LiveLoggingNullHandler', '_FileHandler', 'RotatingFileHandler']
2025-04-21 01:24:13,205 - INFO - root - Logging level set to: DEBUG
2025-04-21 01:24:13,205 - DEBUG - root - ⚡ DEBUG mode enabled: Detailed logs will be displayed, including external dependencies.
2025-04-21 01:24:13,205 - DEBUG - root - ⚡ If the logs are too verbose, consider using logging.INFO or higher.
2025-04-21 02:54:32,694 - INFO - root - Handlers configured: ['_LiveLoggingNullHandler', '_FileHandler', 'RotatingFileHandler']
2025-04-21 02:54:32,695 - INFO - root - Logging level set to: DEBUG
2025-04-21 02:54:32,695 - DEBUG - root - ⚡ DEBUG mode enabled: Detailed logs will be displayed, including external dependencies.
2025-04-21 02:54:32,695 - DEBUG - root - ⚡ If the logs are too verbose, consider using logging.INFO or higher.
2025-04-21 05:57:44,687 - INFO - root - Handlers configured: ['_LiveLoggingNullHandler', '_FileHandler', 'RotatingFileHandler']
2025-04-21 05:57:44,687 - INFO - root - Logging level set to: DEBUG
2025-04-21 05:57:44,687 - DEBUG - root - ⚡ DEBUG mode enabled: Detailed logs will be displayed, including external dependencies.
2025-04-21 05:57:44,687 - DEBUG - root - ⚡ If the logs are too verbose, consider using logging.INFO or higher.
2025-04-21 09:41:23,419 - INFO - root - Handlers configured: ['_LiveLoggingNullHandler', '_FileHandler', 'RotatingFileHandler']
2025-04-21 09:41:23,419 - INFO - root - Logging level set to: DEBUG
2025-04-21 09:41:23,419 - DEBUG - root - ⚡ DEBUG mode enabled: Detailed logs will be displayed, including external dependencies.
2025-04-21 09:41:23,419 - DEBUG - root - ⚡ If the logs are too verbose, consider using logging.INFO or higher.
2025-04-21 09:52:42,437 - INFO - root - Handlers configured: ['_LiveLoggingNullHandler', '_FileHandler', 'RotatingFileHandler']
2025-04-21 09:52:42,438 - INFO - root - Logging level set to: DEBUG
2025-04-21 09:52:42,438 - DEBUG - root - ⚡ DEBUG mode enabled: Detailed logs will be displayed, including external dependencies.
2025-04-21 09:52:42,438 - DEBUG - root - ⚡ If the logs are too verbose, consider using logging.INFO or higher.
2025-04-21 09:53:18,945 - INFO - root - Handlers configured: ['_LiveLoggingNullHandler', '_FileHandler', 'RotatingFileHandler']
2025-04-21 09:53:18,945 - INFO - root - Logging level set to: DEBUG
2025-04-21 09:53:18,945 - DEBUG - root - ⚡ DEBUG mode enabled: Detailed logs will be displayed, including external dependencies.
2025-04-21 09:53:18,945 - DEBUG - root - ⚡ If the logs are too verbose, consider using logging.INFO or higher.
2025-04-21 10:22:37,626 - INFO - root - Handlers configured: ['_LiveLoggingNullHandler', '_FileHandler', 'RotatingFileHandler']
2025-04-21 10:22:37,626 - INFO - root - Logging level set to: DEBUG
2025-04-21 10:22:37,626 - DEBUG - root - ⚡ DEBUG mode enabled: Detailed logs will be displayed, including external dependencies.
2025-04-21 10:22:37,626 - DEBUG - root - ⚡ If the logs are too verbose, consider using logging.INFO or higher.
2025-04-21 10:54:44,578 - INFO - root - Handlers configured: ['_LiveLoggingNullHandler', '_FileHandler', 'RotatingFileHandler']
2025-04-21 10:54:44,578 - INFO - root - Handlers configured: ['_LiveLoggingNullHandler', '_FileHandler', 'RotatingFileHandler']
2025-04-21 10:54:44,579 - INFO - root - Logging level set to: DEBUG
2025-04-21 10:54:44,579 - INFO - root - Logging level set to: DEBUG
2025-04-21 10:54:44,579 - DEBUG - root - ⚡ DEBUG mode enabled: Detailed logs will be displayed, including external dependencies.
2025-04-21 10:54:44,579 - DEBUG - root - ⚡ DEBUG mode enabled: Detailed logs will be displayed, including external dependencies.
2025-04-21 10:54:44,579 - DEBUG - root - ⚡ If the logs are too verbose, consider using logging.INFO or higher.
2025-04-21 10:54:44,579 - DEBUG - root - ⚡ If the logs are too verbose, consider using logging.INFO or higher.
2025-04-21 10:55:11,261 - INFO - root - Handlers configured: ['_LiveLoggingNullHandler', '_FileHandler', 'RotatingFileHandler']
2025-04-21 10:55:11,261 - INFO - root - Logging level set to: DEBUG
2025-04-21 10:55:11,261 - DEBUG - root - ⚡ DEBUG mode enabled: Detailed logs will be displayed, including external dependencies.
2025-04-21 10:55:11,261 - DEBUG - root - ⚡ If the logs are too verbose, consider using logging.INFO or higher.
2025-04-21 18:10:23,882 - INFO - root - Handlers configured: ['_LiveLoggingNullHandler', '_FileHandler', 'RotatingFileHandler']
2025-04-21 18:10:23,883 - INFO - root - Logging level set to: DEBUG
2025-04-21 18:10:23,883 - DEBUG - root - ⚡ DEBUG mode enabled: Detailed logs will be displayed, including external dependencies.
2025-04-21 18:10:23,883 - DEBUG - root - ⚡ If the logs are too verbose, consider using logging.INFO or higher.
2025-04-21 18:10:24,470 - DEBUG - passlib.utils.compat - loaded lazy attr 'SafeConfigParser': <class 'configparser.ConfigParser'>
2025-04-21 18:10:24,470 - DEBUG - passlib.utils.compat - loaded lazy attr 'NativeStringIO': <class '_io.StringIO'>
2025-04-21 18:10:24,470 - DEBUG - passlib.utils.compat - loaded lazy attr 'BytesIO': <class '_io.BytesIO'>
2025-04-21 18:10:24,532 - DEBUG - passlib.registry - registered 'bcrypt' handler: <class 'passlib.handlers.bcrypt.bcrypt'>
